# JRE version: OpenJDK Runtime Environment Temurin-21.0.5+11 (21.0.5+11) (build 21.0.5+11-LTS)
# Java VM: OpenJDK 64-Bit Server VM Temurin-21.0.5+11 (21.0.5+11-LTS, mixed mode, sharing, tiered, compressed oops, compressed class ptrs, parallel gc, windows-amd64)
GC Precious Log:
 CardTable entry size: 512
 CPUs: 16 total, 16 available
 Memory: 16160M
 Large Page Support: Disabled
 NUMA Support: Disabled
 Compressed Oops: Enabled (32-bit)
 Alignments: Space 512K, Generation 512K, Heap 2M
 Heap Min Capacity: 100M
 Heap Initial Capacity: 100M
 Heap Max Capacity: 1G
 Pre-touch: Disabled
 Parallel Workers: 13
Heap:
 PSYoungGen      total 5120K, used 5116K [0x00000000eab00000, 0x00000000eb200000, 0x0000000100000000)
  eden space 4096K, 100% used [0x00000000eab00000,0x00000000eaf00000,0x00000000eaf00000)
  from space 1024K, 99% used [0x00000000eb100000,0x00000000eb1ff1e0,0x00000000eb200000)
  to   space 1536K, 0% used [0x00000000eaf00000,0x00000000eaf00000,0x00000000eb080000)
 ParOldGen       total 698368K, used 698214K [0x00000000c0000000, 0x00000000eaa00000, 0x00000000eab00000)
  object space 698368K, 99% used [0x00000000c0000000,0x00000000ea9d99a0,0x00000000eaa00000)
 Metaspace       used 67295K, committed 68672K, reserved 1114112K
  class space    used 6584K, committed 7168K, reserved 1048576K
GC Heap History (20 events):
Event: 20.980 GC heap after
{Heap after GC invocations=1040 (full 3):
 PSYoungGen      total 8192K, used 1547K [0x00000000eab00000, 0x00000000eb500000, 0x0000000100000000)
  eden space 6144K, 0% used [0x00000000eab00000,0x00000000eab00000,0x00000000eb100000)
  from space 2048K, 75% used [0x00000000eb100000,0x00000000eb282d10,0x00000000eb300000)
  to   space 2048K, 0% used [0x00000000eb300000,0x00000000eb300000,0x00000000eb500000)
 ParOldGen       total 687616K, used 687133K [0x00000000c0000000, 0x00000000e9f80000, 0x00000000eab00000)
  object space 687616K, 99% used [0x00000000c0000000,0x00000000e9f07470,0x00000000e9f80000)
 Metaspace       used 67272K, committed 68672K, reserved 1114112K
  class space    used 6582K, committed 7168K, reserved 1048576K
}
Event: 21.000 GC heap before
{Heap before GC invocations=1041 (full 3):
 PSYoungGen      total 8192K, used 7691K [0x00000000eab00000, 0x00000000eb500000, 0x0000000100000000)
  eden space 6144K, 100% used [0x00000000eab00000,0x00000000eb100000,0x00000000eb100000)
  from space 2048K, 75% used [0x00000000eb100000,0x00000000eb282d10,0x00000000eb300000)
  to   space 2048K, 0% used [0x00000000eb300000,0x00000000eb300000,0x00000000eb500000)
 ParOldGen       total 687616K, used 687133K [0x00000000c0000000, 0x00000000e9f80000, 0x00000000eab00000)
  object space 687616K, 99% used [0x00000000c0000000,0x00000000e9f07470,0x00000000e9f80000)
 Metaspace       used 67274K, committed 68672K, reserved 1114112K
  class space    used 6582K, committed 7168K, reserved 1048576K
}
Event: 21.003 GC heap after
{Heap after GC invocations=1041 (full 3):
 PSYoungGen      total 7680K, used 1439K [0x00000000eab00000, 0x00000000eb480000, 0x0000000100000000)
  eden space 6144K, 0% used [0x00000000eab00000,0x00000000eab00000,0x00000000eb100000)
  from space 1536K, 93% used [0x00000000eb300000,0x00000000eb467d00,0x00000000eb480000)
  to   space 1536K, 0% used [0x00000000eb180000,0x00000000eb180000,0x00000000eb300000)
 ParOldGen       total 688640K, used 688421K [0x00000000c0000000, 0x00000000ea080000, 0x00000000eab00000)
  object space 688640K, 99% used [0x00000000c0000000,0x00000000ea049648,0x00000000ea080000)
 Metaspace       used 67274K, committed 68672K, reserved 1114112K
  class space    used 6582K, committed 7168K, reserved 1048576K
}
Event: 21.020 GC heap before
{Heap before GC invocations=1042 (full 3):
 PSYoungGen      total 7680K, used 7583K [0x00000000eab00000, 0x00000000eb480000, 0x0000000100000000)
  eden space 6144K, 100% used [0x00000000eab00000,0x00000000eb100000,0x00000000eb100000)
  from space 1536K, 93% used [0x00000000eb300000,0x00000000eb467d00,0x00000000eb480000)
  to   space 1536K, 0% used [0x00000000eb180000,0x00000000eb180000,0x00000000eb300000)
 ParOldGen       total 688640K, used 688421K [0x00000000c0000000, 0x00000000ea080000, 0x00000000eab00000)
  object space 688640K, 99% used [0x00000000c0000000,0x00000000ea049648,0x00000000ea080000)
 Metaspace       used 67277K, committed 68672K, reserved 1114112K
  class space    used 6582K, committed 7168K, reserved 1048576K
}
Event: 21.025 GC heap after
{Heap after GC invocations=1042 (full 3):
 PSYoungGen      total 7680K, used 1280K [0x00000000eab00000, 0x00000000eb400000, 0x0000000100000000)
  eden space 6144K, 0% used [0x00000000eab00000,0x00000000eab00000,0x00000000eb100000)
  from space 1536K, 83% used [0x00000000eb180000,0x00000000eb2c0000,0x00000000eb300000)
  to   space 1024K, 0% used [0x00000000eb300000,0x00000000eb300000,0x00000000eb400000)
 ParOldGen       total 689664K, used 689645K [0x00000000c0000000, 0x00000000ea180000, 0x00000000eab00000)
  object space 689664K, 99% used [0x00000000c0000000,0x00000000ea17b5a0,0x00000000ea180000)
 Metaspace       used 67277K, committed 68672K, reserved 1114112K
  class space    used 6582K, committed 7168K, reserved 1048576K
}
Event: 21.043 GC heap before
{Heap before GC invocations=1043 (full 3):
 PSYoungGen      total 7680K, used 7424K [0x00000000eab00000, 0x00000000eb400000, 0x0000000100000000)
  eden space 6144K, 100% used [0x00000000eab00000,0x00000000eb100000,0x00000000eb100000)
  from space 1536K, 83% used [0x00000000eb180000,0x00000000eb2c0000,0x00000000eb300000)
  to   space 1024K, 0% used [0x00000000eb300000,0x00000000eb300000,0x00000000eb400000)
 ParOldGen       total 689664K, used 689645K [0x00000000c0000000, 0x00000000ea180000, 0x00000000eab00000)
  object space 689664K, 99% used [0x00000000c0000000,0x00000000ea17b5a0,0x00000000ea180000)
 Metaspace       used 67278K, committed 68672K, reserved 1114112K
  class space    used 6582K, committed 7168K, reserved 1048576K
}
Event: 21.045 GC heap after
{Heap after GC invocations=1043 (full 3):
 PSYoungGen      total 6656K, used 1008K [0x00000000eab00000, 0x00000000eb600000, 0x0000000100000000)
  eden space 5632K, 0% used [0x00000000eab00000,0x00000000eab00000,0x00000000eb080000)
  from space 1024K, 98% used [0x00000000eb300000,0x00000000eb3fc220,0x00000000eb400000)
  to   space 2560K, 0% used [0x00000000eb080000,0x00000000eb080000,0x00000000eb300000)
 ParOldGen       total 691200K, used 690919K [0x00000000c0000000, 0x00000000ea300000, 0x00000000eab00000)
  object space 691200K, 99% used [0x00000000c0000000,0x00000000ea2b9fd0,0x00000000ea300000)
 Metaspace       used 67278K, committed 68672K, reserved 1114112K
  class space    used 6582K, committed 7168K, reserved 1048576K
}
Event: 21.060 GC heap before
{Heap before GC invocations=1044 (full 3):
 PSYoungGen      total 6656K, used 6640K [0x00000000eab00000, 0x00000000eb600000, 0x0000000100000000)
  eden space 5632K, 100% used [0x00000000eab00000,0x00000000eb080000,0x00000000eb080000)
  from space 1024K, 98% used [0x00000000eb300000,0x00000000eb3fc220,0x00000000eb400000)
  to   space 2560K, 0% used [0x00000000eb080000,0x00000000eb080000,0x00000000eb300000)
 ParOldGen       total 691200K, used 690919K [0x00000000c0000000, 0x00000000ea300000, 0x00000000eab00000)
  object space 691200K, 99% used [0x00000000c0000000,0x00000000ea2b9fd0,0x00000000ea300000)
 Metaspace       used 67284K, committed 68672K, reserved 1114112K
  class space    used 6582K, committed 7168K, reserved 1048576K
}
Event: 21.063 GC heap after
{Heap after GC invocations=1044 (full 3):
 PSYoungGen      total 7168K, used 1347K [0x00000000eab00000, 0x00000000eb480000, 0x0000000100000000)
  eden space 5632K, 0% used [0x00000000eab00000,0x00000000eab00000,0x00000000eb080000)
  from space 1536K, 87% used [0x00000000eb080000,0x00000000eb1d0d18,0x00000000eb200000)
  to   space 2048K, 0% used [0x00000000eb280000,0x00000000eb280000,0x00000000eb480000)
 ParOldGen       total 692224K, used 691867K [0x00000000c0000000, 0x00000000ea400000, 0x00000000eab00000)
  object space 692224K, 99% used [0x00000000c0000000,0x00000000ea3a6c90,0x00000000ea400000)
 Metaspace       used 67284K, committed 68672K, reserved 1114112K
  class space    used 6582K, committed 7168K, reserved 1048576K
}
Event: 21.080 GC heap before
{Heap before GC invocations=1045 (full 3):
 PSYoungGen      total 7168K, used 6979K [0x00000000eab00000, 0x00000000eb480000, 0x0000000100000000)
  eden space 5632K, 100% used [0x00000000eab00000,0x00000000eb080000,0x00000000eb080000)
  from space 1536K, 87% used [0x00000000eb080000,0x00000000eb1d0d18,0x00000000eb200000)
  to   space 2048K, 0% used [0x00000000eb280000,0x00000000eb280000,0x00000000eb480000)
 ParOldGen       total 692224K, used 691867K [0x00000000c0000000, 0x00000000ea400000, 0x00000000eab00000)
  object space 692224K, 99% used [0x00000000c0000000,0x00000000ea3a6c90,0x00000000ea400000)
 Metaspace       used 67284K, committed 68672K, reserved 1114112K
  class space    used 6582K, committed 7168K, reserved 1048576K
}
Event: 21.083 GC heap after
{Heap after GC invocations=1045 (full 3):
 PSYoungGen      total 7168K, used 1483K [0x00000000eab00000, 0x00000000eb400000, 0x0000000100000000)
  eden space 5632K, 0% used [0x00000000eab00000,0x00000000eab00000,0x00000000eb080000)
  from space 1536K, 96% used [0x00000000eb280000,0x00000000eb3f2de8,0x00000000eb400000)
  to   space 1536K, 0% used [0x00000000eb080000,0x00000000eb080000,0x00000000eb200000)
 ParOldGen       total 693248K, used 693085K [0x00000000c0000000, 0x00000000ea500000, 0x00000000eab00000)
  object space 693248K, 99% used [0x00000000c0000000,0x00000000ea4d7430,0x00000000ea500000)
 Metaspace       used 67284K, committed 68672K, reserved 1114112K
  class space    used 6582K, committed 7168K, reserved 1048576K
}
Event: 21.099 GC heap before
{Heap before GC invocations=1046 (full 3):
 PSYoungGen      total 7168K, used 7115K [0x00000000eab00000, 0x00000000eb400000, 0x0000000100000000)
  eden space 5632K, 100% used [0x00000000eab00000,0x00000000eb080000,0x00000000eb080000)
  from space 1536K, 96% used [0x00000000eb280000,0x00000000eb3f2de8,0x00000000eb400000)
  to   space 1536K, 0% used [0x00000000eb080000,0x00000000eb080000,0x00000000eb200000)
 ParOldGen       total 693248K, used 693085K [0x00000000c0000000, 0x00000000ea500000, 0x00000000eab00000)
  object space 693248K, 99% used [0x00000000c0000000,0x00000000ea4d7430,0x00000000ea500000)
 Metaspace       used 67284K, committed 68672K, reserved 1114112K
  class space    used 6582K, committed 7168K, reserved 1048576K
}
Event: 21.101 GC heap after
{Heap after GC invocations=1046 (full 3):
 PSYoungGen      total 7168K, used 1479K [0x00000000eab00000, 0x00000000eb380000, 0x0000000100000000)
  eden space 5632K, 0% used [0x00000000eab00000,0x00000000eab00000,0x00000000eb080000)
  from space 1536K, 96% used [0x00000000eb080000,0x00000000eb1f1fe0,0x00000000eb200000)
  to   space 1536K, 0% used [0x00000000eb200000,0x00000000eb200000,0x00000000eb380000)
 ParOldGen       total 694784K, used 694442K [0x00000000c0000000, 0x00000000ea680000, 0x00000000eab00000)
  object space 694784K, 99% used [0x00000000c0000000,0x00000000ea62aa28,0x00000000ea680000)
 Metaspace       used 67284K, committed 68672K, reserved 1114112K
  class space    used 6582K, committed 7168K, reserved 1048576K
}
Event: 21.117 GC heap before
{Heap before GC invocations=1047 (full 3):
 PSYoungGen      total 7168K, used 7111K [0x00000000eab00000, 0x00000000eb380000, 0x0000000100000000)
  eden space 5632K, 100% used [0x00000000eab00000,0x00000000eb080000,0x00000000eb080000)
  from space 1536K, 96% used [0x00000000eb080000,0x00000000eb1f1fe0,0x00000000eb200000)
  to   space 1536K, 0% used [0x00000000eb200000,0x00000000eb200000,0x00000000eb380000)
 ParOldGen       total 694784K, used 694442K [0x00000000c0000000, 0x00000000ea680000, 0x00000000eab00000)
  object space 694784K, 99% used [0x00000000c0000000,0x00000000ea62aa28,0x00000000ea680000)
 Metaspace       used 67284K, committed 68672K, reserved 1114112K
  class space    used 6582K, committed 7168K, reserved 1048576K
}
Event: 21.119 GC heap after
{Heap after GC invocations=1047 (full 3):
 PSYoungGen      total 5632K, used 1516K [0x00000000eab00000, 0x00000000eb680000, 0x0000000100000000)
  eden space 4096K, 0% used [0x00000000eab00000,0x00000000eab00000,0x00000000eaf00000)
  from space 1536K, 98% used [0x00000000eb200000,0x00000000eb37b010,0x00000000eb380000)
  to   space 3072K, 0% used [0x00000000eaf00000,0x00000000eaf00000,0x00000000eb200000)
 ParOldGen       total 695808K, used 695703K [0x00000000c0000000, 0x00000000ea780000, 0x00000000eab00000)
  object space 695808K, 99% used [0x00000000c0000000,0x00000000ea765e18,0x00000000ea780000)
 Metaspace       used 67284K, committed 68672K, reserved 1114112K
  class space    used 6582K, committed 7168K, reserved 1048576K
}
Event: 21.134 GC heap before
{Heap before GC invocations=1048 (full 3):
 PSYoungGen      total 5632K, used 5612K [0x00000000eab00000, 0x00000000eb680000, 0x0000000100000000)
  eden space 4096K, 100% used [0x00000000eab00000,0x00000000eaf00000,0x00000000eaf00000)
  from space 1536K, 98% used [0x00000000eb200000,0x00000000eb37b010,0x00000000eb380000)
  to   space 3072K, 0% used [0x00000000eaf00000,0x00000000eaf00000,0x00000000eb200000)
 ParOldGen       total 695808K, used 695703K [0x00000000c0000000, 0x00000000ea780000, 0x00000000eab00000)
  object space 695808K, 99% used [0x00000000c0000000,0x00000000ea765e18,0x00000000ea780000)
 Metaspace       used 67284K, committed 68672K, reserved 1114112K
  class space    used 6582K, committed 7168K, reserved 1048576K
}
Event: 21.136 GC heap after
{Heap after GC invocations=1048 (full 3):
 PSYoungGen      total 5632K, used 1458K [0x00000000eab00000, 0x00000000eb300000, 0x0000000100000000)
  eden space 4096K, 0% used [0x00000000eab00000,0x00000000eab00000,0x00000000eaf00000)
  from space 1536K, 94% used [0x00000000eaf00000,0x00000000eb06c9a0,0x00000000eb080000)
  to   space 2048K, 0% used [0x00000000eb100000,0x00000000eb100000,0x00000000eb300000)
 ParOldGen       total 697344K, used 696985K [0x00000000c0000000, 0x00000000ea900000, 0x00000000eab00000)
  object space 697344K, 99% used [0x00000000c0000000,0x00000000ea8a6710,0x00000000ea900000)
 Metaspace       used 67284K, committed 68672K, reserved 1114112K
  class space    used 6582K, committed 7168K, reserved 1048576K
}
Event: 21.146 GC heap before
{Heap before GC invocations=1049 (full 3):
 PSYoungGen      total 5632K, used 5554K [0x00000000eab00000, 0x00000000eb300000, 0x0000000100000000)
  eden space 4096K, 100% used [0x00000000eab00000,0x00000000eaf00000,0x00000000eaf00000)
  from space 1536K, 94% used [0x00000000eaf00000,0x00000000eb06c9a0,0x00000000eb080000)
  to   space 2048K, 0% used [0x00000000eb100000,0x00000000eb100000,0x00000000eb300000)
 ParOldGen       total 697344K, used 696985K [0x00000000c0000000, 0x00000000ea900000, 0x00000000eab00000)
  object space 697344K, 99% used [0x00000000c0000000,0x00000000ea8a6710,0x00000000ea900000)
 Metaspace       used 67286K, committed 68672K, reserved 1114112K
  class space    used 6582K, committed 7168K, reserved 1048576K
}
Event: 21.148 GC heap after
{Heap after GC invocations=1049 (full 3):
 PSYoungGen      total 5120K, used 1020K [0x00000000eab00000, 0x00000000eb200000, 0x0000000100000000)
  eden space 4096K, 0% used [0x00000000eab00000,0x00000000eab00000,0x00000000eaf00000)
  from space 1024K, 99% used [0x00000000eb100000,0x00000000eb1ff1e0,0x00000000eb200000)
  to   space 1536K, 0% used [0x00000000eaf00000,0x00000000eaf00000,0x00000000eb080000)
 ParOldGen       total 698368K, used 698214K [0x00000000c0000000, 0x00000000eaa00000, 0x00000000eab00000)
  object space 698368K, 99% used [0x00000000c0000000,0x00000000ea9d99a0,0x00000000eaa00000)
 Metaspace       used 67286K, committed 68672K, reserved 1114112K
  class space    used 6582K, committed 7168K, reserved 1048576K
}
Event: 21.157 GC heap before
{Heap before GC invocations=1050 (full 4):
 PSYoungGen      total 5120K, used 5116K [0x00000000eab00000, 0x00000000eb200000, 0x0000000100000000)
  eden space 4096K, 100% used [0x00000000eab00000,0x00000000eaf00000,0x00000000eaf00000)
  from space 1024K, 99% used [0x00000000eb100000,0x00000000eb1ff1e0,0x00000000eb200000)
  to   space 1536K, 0% used [0x00000000eaf00000,0x00000000eaf00000,0x00000000eb080000)
 ParOldGen       total 698368K, used 698214K [0x00000000c0000000, 0x00000000eaa00000, 0x00000000eab00000)
  object space 698368K, 99% used [0x00000000c0000000,0x00000000ea9d99a0,0x00000000eaa00000)
 Metaspace       used 67295K, committed 68672K, reserved 1114112K
  class space    used 6584K, committed 7168K, reserved 1048576K
}

