# JRE version: OpenJDK Runtime Environment Temurin-21.0.5+11 (21.0.5+11) (build 21.0.5+11-LTS)
# Java VM: OpenJDK 64-Bit Server VM Temurin-21.0.5+11 (21.0.5+11-LTS, mixed mode, sharing, tiered, compressed oops, compressed class ptrs, parallel gc, windows-amd64)
GC Precious Log:
 CardTable entry size: 512
 CPUs: 16 total, 16 available
 Memory: 16160M
 Large Page Support: Disabled
 NUMA Support: Disabled
 Compressed Oops: Enabled (32-bit)
 Alignments: Space 512K, Generation 512K, Heap 2M
 Heap Min Capacity: 100M
 Heap Initial Capacity: 100M
 Heap Max Capacity: 1G
 Pre-touch: Disabled
 Parallel Workers: 13
Heap:
 PSYoungGen      total 9728K, used 9188K [0x00000000eab00000, 0x00000000ebd00000, 0x0000000100000000)
  eden space 3584K, 91% used [0x00000000eab00000,0x00000000eae35568,0x00000000eae80000)
  from space 6144K, 96% used [0x00000000eae80000,0x00000000eb443ae0,0x00000000eb480000)
  to   space 7168K, 0% used [0x00000000eb600000,0x00000000eb600000,0x00000000ebd00000)
 ParOldGen       total 382976K, used 382788K [0x00000000c0000000, 0x00000000d7600000, 0x00000000eab00000)
  object space 382976K, 99% used [0x00000000c0000000,0x00000000d75d13e8,0x00000000d7600000)
 Metaspace       used 60010K, committed 61248K, reserved 1114112K
  class space    used 5950K, committed 6464K, reserved 1048576K
GC Heap History (20 events):
Event: 11.599 GC heap after
{Heap after GC invocations=512 (full 3):
 PSYoungGen      total 5632K, used 2541K [0x00000000eab00000, 0x00000000eb600000, 0x0000000100000000)
  eden space 3072K, 0% used [0x00000000eab00000,0x00000000eab00000,0x00000000eae00000)
  from space 2560K, 99% used [0x00000000eae00000,0x00000000eb07b748,0x00000000eb080000)
  to   space 4096K, 0% used [0x00000000eb200000,0x00000000eb200000,0x00000000eb600000)
 ParOldGen       total 361984K, used 361933K [0x00000000c0000000, 0x00000000d6180000, 0x00000000eab00000)
  object space 361984K, 99% used [0x00000000c0000000,0x00000000d61736a8,0x00000000d6180000)
 Metaspace       used 58862K, committed 60096K, reserved 1114112K
  class space    used 5894K, committed 6400K, reserved 1048576K
}
Event: 11.633 GC heap before
{Heap before GC invocations=513 (full 3):
 PSYoungGen      total 5632K, used 5613K [0x00000000eab00000, 0x00000000eb600000, 0x0000000100000000)
  eden space 3072K, 100% used [0x00000000eab00000,0x00000000eae00000,0x00000000eae00000)
  from space 2560K, 99% used [0x00000000eae00000,0x00000000eb07b748,0x00000000eb080000)
  to   space 4096K, 0% used [0x00000000eb200000,0x00000000eb200000,0x00000000eb600000)
 ParOldGen       total 361984K, used 361933K [0x00000000c0000000, 0x00000000d6180000, 0x00000000eab00000)
  object space 361984K, 99% used [0x00000000c0000000,0x00000000d61736a8,0x00000000d6180000)
 Metaspace       used 58976K, committed 60288K, reserved 1114112K
  class space    used 5905K, committed 6464K, reserved 1048576K
}
Event: 11.636 GC heap after
{Heap after GC invocations=513 (full 3):
 PSYoungGen      total 7168K, used 2936K [0x00000000eab00000, 0x00000000eb580000, 0x0000000100000000)
  eden space 3584K, 0% used [0x00000000eab00000,0x00000000eab00000,0x00000000eae80000)
  from space 3584K, 81% used [0x00000000eb200000,0x00000000eb4de180,0x00000000eb580000)
  to   space 3584K, 0% used [0x00000000eae80000,0x00000000eae80000,0x00000000eb200000)
 ParOldGen       total 363520K, used 363414K [0x00000000c0000000, 0x00000000d6300000, 0x00000000eab00000)
  object space 363520K, 99% used [0x00000000c0000000,0x00000000d62e5b30,0x00000000d6300000)
 Metaspace       used 58976K, committed 60288K, reserved 1114112K
  class space    used 5905K, committed 6464K, reserved 1048576K
}
Event: 11.668 GC heap before
{Heap before GC invocations=514 (full 3):
 PSYoungGen      total 7168K, used 6520K [0x00000000eab00000, 0x00000000eb580000, 0x0000000100000000)
  eden space 3584K, 100% used [0x00000000eab00000,0x00000000eae80000,0x00000000eae80000)
  from space 3584K, 81% used [0x00000000eb200000,0x00000000eb4de180,0x00000000eb580000)
  to   space 3584K, 0% used [0x00000000eae80000,0x00000000eae80000,0x00000000eb200000)
 ParOldGen       total 363520K, used 363414K [0x00000000c0000000, 0x00000000d6300000, 0x00000000eab00000)
  object space 363520K, 99% used [0x00000000c0000000,0x00000000d62e5b30,0x00000000d6300000)
 Metaspace       used 59133K, committed 60416K, reserved 1114112K
  class space    used 5921K, committed 6464K, reserved 1048576K
}
Event: 11.670 GC heap after
{Heap after GC invocations=514 (full 3):
 PSYoungGen      total 7168K, used 3561K [0x00000000eab00000, 0x00000000eb900000, 0x0000000100000000)
  eden space 3584K, 0% used [0x00000000eab00000,0x00000000eab00000,0x00000000eae80000)
  from space 3584K, 99% used [0x00000000eae80000,0x00000000eb1fa6e8,0x00000000eb200000)
  to   space 5120K, 0% used [0x00000000eb400000,0x00000000eb400000,0x00000000eb900000)
 ParOldGen       total 365056K, used 364602K [0x00000000c0000000, 0x00000000d6480000, 0x00000000eab00000)
  object space 365056K, 99% used [0x00000000c0000000,0x00000000d640ea38,0x00000000d6480000)
 Metaspace       used 59133K, committed 60416K, reserved 1114112K
  class space    used 5921K, committed 6464K, reserved 1048576K
}
Event: 11.701 GC heap before
{Heap before GC invocations=515 (full 3):
 PSYoungGen      total 7168K, used 6683K [0x00000000eab00000, 0x00000000eb900000, 0x0000000100000000)
  eden space 3584K, 87% used [0x00000000eab00000,0x00000000eae0c758,0x00000000eae80000)
  from space 3584K, 99% used [0x00000000eae80000,0x00000000eb1fa6e8,0x00000000eb200000)
  to   space 5120K, 0% used [0x00000000eb400000,0x00000000eb400000,0x00000000eb900000)
 ParOldGen       total 365056K, used 364602K [0x00000000c0000000, 0x00000000d6480000, 0x00000000eab00000)
  object space 365056K, 99% used [0x00000000c0000000,0x00000000d640ea38,0x00000000d6480000)
 Metaspace       used 59189K, committed 60480K, reserved 1114112K
  class space    used 5930K, committed 6464K, reserved 1048576K
}
Event: 11.705 GC heap after
{Heap after GC invocations=515 (full 3):
 PSYoungGen      total 7680K, used 3411K [0x00000000eab00000, 0x00000000eb780000, 0x0000000100000000)
  eden space 4096K, 0% used [0x00000000eab00000,0x00000000eab00000,0x00000000eaf00000)
  from space 3584K, 95% used [0x00000000eb400000,0x00000000eb754d48,0x00000000eb780000)
  to   space 4096K, 0% used [0x00000000eaf80000,0x00000000eaf80000,0x00000000eb380000)
 ParOldGen       total 367104K, used 366771K [0x00000000c0000000, 0x00000000d6680000, 0x00000000eab00000)
  object space 367104K, 99% used [0x00000000c0000000,0x00000000d662cc48,0x00000000d6680000)
 Metaspace       used 59189K, committed 60480K, reserved 1114112K
  class space    used 5930K, committed 6464K, reserved 1048576K
}
Event: 11.738 GC heap before
{Heap before GC invocations=516 (full 3):
 PSYoungGen      total 7680K, used 7507K [0x00000000eab00000, 0x00000000eb780000, 0x0000000100000000)
  eden space 4096K, 100% used [0x00000000eab00000,0x00000000eaf00000,0x00000000eaf00000)
  from space 3584K, 95% used [0x00000000eb400000,0x00000000eb754d48,0x00000000eb780000)
  to   space 4096K, 0% used [0x00000000eaf80000,0x00000000eaf80000,0x00000000eb380000)
 ParOldGen       total 367104K, used 366771K [0x00000000c0000000, 0x00000000d6680000, 0x00000000eab00000)
  object space 367104K, 99% used [0x00000000c0000000,0x00000000d662cc48,0x00000000d6680000)
 Metaspace       used 59265K, committed 60544K, reserved 1114112K
  class space    used 5931K, committed 6464K, reserved 1048576K
}
Event: 11.742 GC heap after
{Heap after GC invocations=516 (full 3):
 PSYoungGen      total 8704K, used 4091K [0x00000000eab00000, 0x00000000ebc80000, 0x0000000100000000)
  eden space 4608K, 0% used [0x00000000eab00000,0x00000000eab00000,0x00000000eaf80000)
  from space 4096K, 99% used [0x00000000eaf80000,0x00000000eb37ec60,0x00000000eb380000)
  to   space 6656K, 0% used [0x00000000eb600000,0x00000000eb600000,0x00000000ebc80000)
 ParOldGen       total 369152K, used 368451K [0x00000000c0000000, 0x00000000d6880000, 0x00000000eab00000)
  object space 369152K, 99% used [0x00000000c0000000,0x00000000d67d0c48,0x00000000d6880000)
 Metaspace       used 59265K, committed 60544K, reserved 1114112K
  class space    used 5931K, committed 6464K, reserved 1048576K
}
Event: 11.775 GC heap before
{Heap before GC invocations=517 (full 3):
 PSYoungGen      total 8704K, used 8699K [0x00000000eab00000, 0x00000000ebc80000, 0x0000000100000000)
  eden space 4608K, 100% used [0x00000000eab00000,0x00000000eaf80000,0x00000000eaf80000)
  from space 4096K, 99% used [0x00000000eaf80000,0x00000000eb37ec60,0x00000000eb380000)
  to   space 6656K, 0% used [0x00000000eb600000,0x00000000eb600000,0x00000000ebc80000)
 ParOldGen       total 369152K, used 368451K [0x00000000c0000000, 0x00000000d6880000, 0x00000000eab00000)
  object space 369152K, 99% used [0x00000000c0000000,0x00000000d67d0c48,0x00000000d6880000)
 Metaspace       used 59331K, committed 60608K, reserved 1114112K
  class space    used 5934K, committed 6464K, reserved 1048576K
}
Event: 11.780 GC heap after
{Heap after GC invocations=517 (full 3):
 PSYoungGen      total 8704K, used 3451K [0x00000000eab00000, 0x00000000eb980000, 0x0000000100000000)
  eden space 5120K, 0% used [0x00000000eab00000,0x00000000eab00000,0x00000000eb000000)
  from space 3584K, 96% used [0x00000000eb600000,0x00000000eb95ef70,0x00000000eb980000)
  to   space 4608K, 0% used [0x00000000eb080000,0x00000000eb080000,0x00000000eb500000)
 ParOldGen       total 371712K, used 371556K [0x00000000c0000000, 0x00000000d6b00000, 0x00000000eab00000)
  object space 371712K, 99% used [0x00000000c0000000,0x00000000d6ad92f0,0x00000000d6b00000)
 Metaspace       used 59331K, committed 60608K, reserved 1114112K
  class space    used 5934K, committed 6464K, reserved 1048576K
}
Event: 11.818 GC heap before
{Heap before GC invocations=518 (full 3):
 PSYoungGen      total 8704K, used 8571K [0x00000000eab00000, 0x00000000eb980000, 0x0000000100000000)
  eden space 5120K, 100% used [0x00000000eab00000,0x00000000eb000000,0x00000000eb000000)
  from space 3584K, 96% used [0x00000000eb600000,0x00000000eb95ef70,0x00000000eb980000)
  to   space 4608K, 0% used [0x00000000eb080000,0x00000000eb080000,0x00000000eb500000)
 ParOldGen       total 371712K, used 371556K [0x00000000c0000000, 0x00000000d6b00000, 0x00000000eab00000)
  object space 371712K, 99% used [0x00000000c0000000,0x00000000d6ad92f0,0x00000000d6b00000)
 Metaspace       used 59420K, committed 60672K, reserved 1114112K
  class space    used 5939K, committed 6464K, reserved 1048576K
}
Event: 11.821 GC heap after
{Heap after GC invocations=518 (full 3):
 PSYoungGen      total 10240K, used 4607K [0x00000000eab00000, 0x00000000ebd80000, 0x0000000100000000)
  eden space 5632K, 0% used [0x00000000eab00000,0x00000000eab00000,0x00000000eb080000)
  from space 4608K, 99% used [0x00000000eb080000,0x00000000eb4ffd48,0x00000000eb500000)
  to   space 6656K, 0% used [0x00000000eb700000,0x00000000eb700000,0x00000000ebd80000)
 ParOldGen       total 373248K, used 372872K [0x00000000c0000000, 0x00000000d6c80000, 0x00000000eab00000)
  object space 373248K, 99% used [0x00000000c0000000,0x00000000d6c22270,0x00000000d6c80000)
 Metaspace       used 59420K, committed 60672K, reserved 1114112K
  class space    used 5939K, committed 6464K, reserved 1048576K
}
Event: 11.856 GC heap before
{Heap before GC invocations=519 (full 3):
 PSYoungGen      total 10240K, used 9140K [0x00000000eab00000, 0x00000000ebd80000, 0x0000000100000000)
  eden space 5632K, 80% used [0x00000000eab00000,0x00000000eaf6d530,0x00000000eb080000)
  from space 4608K, 99% used [0x00000000eb080000,0x00000000eb4ffd48,0x00000000eb500000)
  to   space 6656K, 0% used [0x00000000eb700000,0x00000000eb700000,0x00000000ebd80000)
 ParOldGen       total 373248K, used 372872K [0x00000000c0000000, 0x00000000d6c80000, 0x00000000eab00000)
  object space 373248K, 99% used [0x00000000c0000000,0x00000000d6c22270,0x00000000d6c80000)
 Metaspace       used 59498K, committed 60736K, reserved 1114112K
  class space    used 5941K, committed 6464K, reserved 1048576K
}
Event: 11.861 GC heap after
{Heap after GC invocations=519 (full 3):
 PSYoungGen      total 12800K, used 5746K [0x00000000eab00000, 0x00000000ebd80000, 0x0000000100000000)
  eden space 6144K, 0% used [0x00000000eab00000,0x00000000eab00000,0x00000000eb100000)
  from space 6656K, 86% used [0x00000000eb700000,0x00000000ebc9c940,0x00000000ebd80000)
  to   space 6144K, 0% used [0x00000000eb100000,0x00000000eb100000,0x00000000eb700000)
 ParOldGen       total 375296K, used 374983K [0x00000000c0000000, 0x00000000d6e80000, 0x00000000eab00000)
  object space 375296K, 99% used [0x00000000c0000000,0x00000000d6e31d30,0x00000000d6e80000)
 Metaspace       used 59498K, committed 60736K, reserved 1114112K
  class space    used 5941K, committed 6464K, reserved 1048576K
}
Event: 11.929 GC heap before
{Heap before GC invocations=520 (full 3):
 PSYoungGen      total 12800K, used 11890K [0x00000000eab00000, 0x00000000ebd80000, 0x0000000100000000)
  eden space 6144K, 99% used [0x00000000eab00000,0x00000000eb0ffff0,0x00000000eb100000)
  from space 6656K, 86% used [0x00000000eb700000,0x00000000ebc9c940,0x00000000ebd80000)
  to   space 6144K, 0% used [0x00000000eb100000,0x00000000eb100000,0x00000000eb700000)
 ParOldGen       total 375296K, used 374983K [0x00000000c0000000, 0x00000000d6e80000, 0x00000000eab00000)
  object space 375296K, 99% used [0x00000000c0000000,0x00000000d6e31d30,0x00000000d6e80000)
 Metaspace       used 59767K, committed 60992K, reserved 1114112K
  class space    used 5947K, committed 6464K, reserved 1048576K
}
Event: 11.934 GC heap after
{Heap after GC invocations=520 (full 3):
 PSYoungGen      total 12288K, used 6042K [0x00000000eab00000, 0x00000000ebe00000, 0x0000000100000000)
  eden space 6144K, 0% used [0x00000000eab00000,0x00000000eab00000,0x00000000eb100000)
  from space 6144K, 98% used [0x00000000eb100000,0x00000000eb6e6830,0x00000000eb700000)
  to   space 6144K, 0% used [0x00000000eb800000,0x00000000eb800000,0x00000000ebe00000)
 ParOldGen       total 378368K, used 377679K [0x00000000c0000000, 0x00000000d7180000, 0x00000000eab00000)
  object space 378368K, 99% used [0x00000000c0000000,0x00000000d70d3d30,0x00000000d7180000)
 Metaspace       used 59767K, committed 60992K, reserved 1114112K
  class space    used 5947K, committed 6464K, reserved 1048576K
}
Event: 11.991 GC heap before
{Heap before GC invocations=521 (full 3):
 PSYoungGen      total 12288K, used 12108K [0x00000000eab00000, 0x00000000ebe00000, 0x0000000100000000)
  eden space 6144K, 98% used [0x00000000eab00000,0x00000000eb0ec9e8,0x00000000eb100000)
  from space 6144K, 98% used [0x00000000eb100000,0x00000000eb6e6830,0x00000000eb700000)
  to   space 6144K, 0% used [0x00000000eb800000,0x00000000eb800000,0x00000000ebe00000)
 ParOldGen       total 378368K, used 377679K [0x00000000c0000000, 0x00000000d7180000, 0x00000000eab00000)
  object space 378368K, 99% used [0x00000000c0000000,0x00000000d70d3d30,0x00000000d7180000)
 Metaspace       used 59859K, committed 61120K, reserved 1114112K
  class space    used 5949K, committed 6464K, reserved 1048576K
}
Event: 11.997 GC heap after
{Heap after GC invocations=521 (full 3):
 PSYoungGen      total 9728K, used 6131K [0x00000000eab00000, 0x00000000ec500000, 0x0000000100000000)
  eden space 3584K, 0% used [0x00000000eab00000,0x00000000eab00000,0x00000000eae80000)
  from space 6144K, 99% used [0x00000000eb800000,0x00000000ebdfccd8,0x00000000ebe00000)
  to   space 9728K, 0% used [0x00000000eae80000,0x00000000eae80000,0x00000000eb800000)
 ParOldGen       total 380416K, used 380328K [0x00000000c0000000, 0x00000000d7380000, 0x00000000eab00000)
  object space 380416K, 99% used [0x00000000c0000000,0x00000000d736a120,0x00000000d7380000)
 Metaspace       used 59859K, committed 61120K, reserved 1114112K
  class space    used 5949K, committed 6464K, reserved 1048576K
}
Event: 12.037 GC heap before
{Heap before GC invocations=522 (full 3):
 PSYoungGen      total 9728K, used 9715K [0x00000000eab00000, 0x00000000ec500000, 0x0000000100000000)
  eden space 3584K, 100% used [0x00000000eab00000,0x00000000eae80000,0x00000000eae80000)
  from space 6144K, 99% used [0x00000000eb800000,0x00000000ebdfccd8,0x00000000ebe00000)
  to   space 9728K, 0% used [0x00000000eae80000,0x00000000eae80000,0x00000000eb800000)
 ParOldGen       total 380416K, used 380328K [0x00000000c0000000, 0x00000000d7380000, 0x00000000eab00000)
  object space 380416K, 99% used [0x00000000c0000000,0x00000000d736a120,0x00000000d7380000)
 Metaspace       used 59920K, committed 61184K, reserved 1114112K
  class space    used 5950K, committed 6464K, reserved 1048576K
}

