# JRE version: OpenJDK Runtime Environment Temurin-21.0.5+11 (21.0.5+11) (build 21.0.5+11-LTS)
# Java VM: OpenJDK 64-Bit Server VM Temurin-21.0.5+11 (21.0.5+11-LTS, mixed mode, sharing, tiered, compressed oops, compressed class ptrs, parallel gc, windows-amd64)
GC Precious Log:
 CardTable entry size: 512
 CPUs: 16 total, 16 available
 Memory: 16160M
 Large Page Support: Disabled
 NUMA Support: Disabled
 Compressed Oops: Enabled (32-bit)
 Alignments: Space 512K, Generation 512K, Heap 2M
 Heap Min Capacity: 100M
 Heap Initial Capacity: 100M
 Heap Max Capacity: 1G
 Pre-touch: Disabled
 Parallel Workers: 13
Heap:
 PSYoungGen      total 2560K, used 2114K [0x00000000eab00000, 0x00000000eae80000, 0x0000000100000000)
  eden space 1536K, 100% used [0x00000000eab00000,0x00000000eac80000,0x00000000eac80000)
  from space 1024K, 56% used [0x00000000eac80000,0x00000000ead10900,0x00000000ead80000)
  to   space 1024K, 53% used [0x00000000ead80000,0x00000000eae08000,0x00000000eae80000)
 ParOldGen       total 377856K, used 377750K [0x00000000c0000000, 0x00000000d7100000, 0x00000000eab00000)
  object space 377856K, 99% used [0x00000000c0000000,0x00000000d70e58a0,0x00000000d7100000)
 Metaspace       used 57267K, committed 58496K, reserved 1114112K
  class space    used 5769K, committed 6272K, reserved 1048576K
GC Heap History (20 events):
Event: 13.365 GC heap before
{Heap before GC invocations=640 (full 2):
 PSYoungGen      total 3584K, used 3420K [0x00000000eab00000, 0x00000000eaf80000, 0x0000000100000000)
  eden space 2560K, 99% used [0x00000000eab00000,0x00000000ead7ff48,0x00000000ead80000)
  from space 1024K, 84% used [0x00000000ead80000,0x00000000eae57170,0x00000000eae80000)
  to   space 1024K, 0% used [0x00000000eae80000,0x00000000eae80000,0x00000000eaf80000)
 ParOldGen       total 369152K, used 368860K [0x00000000c0000000, 0x00000000d6880000, 0x00000000eab00000)
  object space 369152K, 99% used [0x00000000c0000000,0x00000000d6837398,0x00000000d6880000)
 Metaspace       used 57092K, committed 58368K, reserved 1114112K
  class space    used 5751K, committed 6272K, reserved 1048576K
}
Event: 13.367 GC heap after
{Heap after GC invocations=640 (full 2):
 PSYoungGen      total 2560K, used 1008K [0x00000000eab00000, 0x00000000eb180000, 0x0000000100000000)
  eden space 1536K, 0% used [0x00000000eab00000,0x00000000eab00000,0x00000000eac80000)
  from space 1024K, 98% used [0x00000000eae80000,0x00000000eaf7c148,0x00000000eaf80000)
  to   space 2048K, 0% used [0x00000000eac80000,0x00000000eac80000,0x00000000eae80000)
 ParOldGen       total 369664K, used 369501K [0x00000000c0000000, 0x00000000d6900000, 0x00000000eab00000)
  object space 369664K, 99% used [0x00000000c0000000,0x00000000d68d7480,0x00000000d6900000)
 Metaspace       used 57092K, committed 58368K, reserved 1114112K
  class space    used 5751K, committed 6272K, reserved 1048576K
}
Event: 13.374 GC heap before
{Heap before GC invocations=641 (full 2):
 PSYoungGen      total 2560K, used 2544K [0x00000000eab00000, 0x00000000eb180000, 0x0000000100000000)
  eden space 1536K, 100% used [0x00000000eab00000,0x00000000eac80000,0x00000000eac80000)
  from space 1024K, 98% used [0x00000000eae80000,0x00000000eaf7c148,0x00000000eaf80000)
  to   space 2048K, 0% used [0x00000000eac80000,0x00000000eac80000,0x00000000eae80000)
 ParOldGen       total 369664K, used 369501K [0x00000000c0000000, 0x00000000d6900000, 0x00000000eab00000)
  object space 369664K, 99% used [0x00000000c0000000,0x00000000d68d7480,0x00000000d6900000)
 Metaspace       used 57093K, committed 58368K, reserved 1114112K
  class space    used 5751K, committed 6272K, reserved 1048576K
}
Event: 13.376 GC heap after
{Heap after GC invocations=641 (full 2):
 PSYoungGen      total 2560K, used 672K [0x00000000eab00000, 0x00000000eaf80000, 0x0000000100000000)
  eden space 1536K, 0% used [0x00000000eab00000,0x00000000eab00000,0x00000000eac80000)
  from space 1024K, 65% used [0x00000000eac80000,0x00000000ead28000,0x00000000ead80000)
  to   space 1536K, 0% used [0x00000000eae00000,0x00000000eae00000,0x00000000eaf80000)
 ParOldGen       total 370688K, used 370424K [0x00000000c0000000, 0x00000000d6a00000, 0x00000000eab00000)
  object space 370688K, 99% used [0x00000000c0000000,0x00000000d69be170,0x00000000d6a00000)
 Metaspace       used 57093K, committed 58368K, reserved 1114112K
  class space    used 5751K, committed 6272K, reserved 1048576K
}
Event: 13.384 GC heap before
{Heap before GC invocations=642 (full 2):
 PSYoungGen      total 2560K, used 2208K [0x00000000eab00000, 0x00000000eaf80000, 0x0000000100000000)
  eden space 1536K, 100% used [0x00000000eab00000,0x00000000eac80000,0x00000000eac80000)
  from space 1024K, 65% used [0x00000000eac80000,0x00000000ead28000,0x00000000ead80000)
  to   space 1536K, 0% used [0x00000000eae00000,0x00000000eae00000,0x00000000eaf80000)
 ParOldGen       total 370688K, used 370424K [0x00000000c0000000, 0x00000000d6a00000, 0x00000000eab00000)
  object space 370688K, 99% used [0x00000000c0000000,0x00000000d69be170,0x00000000d6a00000)
 Metaspace       used 57094K, committed 58368K, reserved 1114112K
  class space    used 5751K, committed 6272K, reserved 1048576K
}
Event: 13.387 GC heap after
{Heap after GC invocations=642 (full 2):
 PSYoungGen      total 2560K, used 704K [0x00000000eab00000, 0x00000000eaf00000, 0x0000000100000000)
  eden space 1536K, 0% used [0x00000000eab00000,0x00000000eab00000,0x00000000eac80000)
  from space 1024K, 68% used [0x00000000eae00000,0x00000000eaeb0000,0x00000000eaf00000)
  to   space 1024K, 0% used [0x00000000eac80000,0x00000000eac80000,0x00000000ead80000)
 ParOldGen       total 371200K, used 370913K [0x00000000c0000000, 0x00000000d6a80000, 0x00000000eab00000)
  object space 371200K, 99% used [0x00000000c0000000,0x00000000d6a38600,0x00000000d6a80000)
 Metaspace       used 57094K, committed 58368K, reserved 1114112K
  class space    used 5751K, committed 6272K, reserved 1048576K
}
Event: 13.393 GC heap before
{Heap before GC invocations=643 (full 2):
 PSYoungGen      total 2560K, used 2239K [0x00000000eab00000, 0x00000000eaf00000, 0x0000000100000000)
  eden space 1536K, 99% used [0x00000000eab00000,0x00000000eac7ffc0,0x00000000eac80000)
  from space 1024K, 68% used [0x00000000eae00000,0x00000000eaeb0000,0x00000000eaf00000)
  to   space 1024K, 0% used [0x00000000eac80000,0x00000000eac80000,0x00000000ead80000)
 ParOldGen       total 371200K, used 370913K [0x00000000c0000000, 0x00000000d6a80000, 0x00000000eab00000)
  object space 371200K, 99% used [0x00000000c0000000,0x00000000d6a38600,0x00000000d6a80000)
 Metaspace       used 57094K, committed 58368K, reserved 1114112K
  class space    used 5751K, committed 6272K, reserved 1048576K
}
Event: 13.394 GC heap after
{Heap after GC invocations=643 (full 2):
 PSYoungGen      total 2560K, used 576K [0x00000000eab00000, 0x00000000eae80000, 0x0000000100000000)
  eden space 1536K, 0% used [0x00000000eab00000,0x00000000eab00000,0x00000000eac80000)
  from space 1024K, 56% used [0x00000000eac80000,0x00000000ead10000,0x00000000ead80000)
  to   space 1024K, 0% used [0x00000000ead80000,0x00000000ead80000,0x00000000eae80000)
 ParOldGen       total 371712K, used 371390K [0x00000000c0000000, 0x00000000d6b00000, 0x00000000eab00000)
  object space 371712K, 99% used [0x00000000c0000000,0x00000000d6aafb10,0x00000000d6b00000)
 Metaspace       used 57094K, committed 58368K, reserved 1114112K
  class space    used 5751K, committed 6272K, reserved 1048576K
}
Event: 13.398 GC heap before
{Heap before GC invocations=644 (full 2):
 PSYoungGen      total 2560K, used 2112K [0x00000000eab00000, 0x00000000eae80000, 0x0000000100000000)
  eden space 1536K, 100% used [0x00000000eab00000,0x00000000eac80000,0x00000000eac80000)
  from space 1024K, 56% used [0x00000000eac80000,0x00000000ead10000,0x00000000ead80000)
  to   space 1024K, 0% used [0x00000000ead80000,0x00000000ead80000,0x00000000eae80000)
 ParOldGen       total 371712K, used 371390K [0x00000000c0000000, 0x00000000d6b00000, 0x00000000eab00000)
  object space 371712K, 99% used [0x00000000c0000000,0x00000000d6aafb10,0x00000000d6b00000)
 Metaspace       used 57094K, committed 58368K, reserved 1114112K
  class space    used 5751K, committed 6272K, reserved 1048576K
}
Event: 13.400 GC heap after
{Heap after GC invocations=644 (full 2):
 PSYoungGen      total 2560K, used 529K [0x00000000eab00000, 0x00000000eae80000, 0x0000000100000000)
  eden space 1536K, 0% used [0x00000000eab00000,0x00000000eab00000,0x00000000eac80000)
  from space 1024K, 51% used [0x00000000ead80000,0x00000000eae04608,0x00000000eae80000)
  to   space 1024K, 0% used [0x00000000eac80000,0x00000000eac80000,0x00000000ead80000)
 ParOldGen       total 372224K, used 371774K [0x00000000c0000000, 0x00000000d6b80000, 0x00000000eab00000)
  object space 372224K, 99% used [0x00000000c0000000,0x00000000d6b0f848,0x00000000d6b80000)
 Metaspace       used 57094K, committed 58368K, reserved 1114112K
  class space    used 5751K, committed 6272K, reserved 1048576K
}
Event: 13.405 GC heap before
{Heap before GC invocations=645 (full 2):
 PSYoungGen      total 2560K, used 2065K [0x00000000eab00000, 0x00000000eae80000, 0x0000000100000000)
  eden space 1536K, 100% used [0x00000000eab00000,0x00000000eac80000,0x00000000eac80000)
  from space 1024K, 51% used [0x00000000ead80000,0x00000000eae04608,0x00000000eae80000)
  to   space 1024K, 0% used [0x00000000eac80000,0x00000000eac80000,0x00000000ead80000)
 ParOldGen       total 372224K, used 371774K [0x00000000c0000000, 0x00000000d6b80000, 0x00000000eab00000)
  object space 372224K, 99% used [0x00000000c0000000,0x00000000d6b0f848,0x00000000d6b80000)
 Metaspace       used 57094K, committed 58368K, reserved 1114112K
  class space    used 5751K, committed 6272K, reserved 1048576K
}
Event: 13.406 GC heap after
{Heap after GC invocations=645 (full 2):
 PSYoungGen      total 2560K, used 512K [0x00000000eab00000, 0x00000000eae80000, 0x0000000100000000)
  eden space 1536K, 0% used [0x00000000eab00000,0x00000000eab00000,0x00000000eac80000)
  from space 1024K, 50% used [0x00000000eac80000,0x00000000ead00000,0x00000000ead80000)
  to   space 1024K, 0% used [0x00000000ead80000,0x00000000ead80000,0x00000000eae80000)
 ParOldGen       total 372736K, used 372243K [0x00000000c0000000, 0x00000000d6c00000, 0x00000000eab00000)
  object space 372736K, 99% used [0x00000000c0000000,0x00000000d6b84ec8,0x00000000d6c00000)
 Metaspace       used 57094K, committed 58368K, reserved 1114112K
  class space    used 5751K, committed 6272K, reserved 1048576K
}
Event: 13.412 GC heap before
{Heap before GC invocations=646 (full 2):
 PSYoungGen      total 2560K, used 2047K [0x00000000eab00000, 0x00000000eae80000, 0x0000000100000000)
  eden space 1536K, 99% used [0x00000000eab00000,0x00000000eac7fff0,0x00000000eac80000)
  from space 1024K, 50% used [0x00000000eac80000,0x00000000ead00000,0x00000000ead80000)
  to   space 1024K, 0% used [0x00000000ead80000,0x00000000ead80000,0x00000000eae80000)
 ParOldGen       total 372736K, used 372243K [0x00000000c0000000, 0x00000000d6c00000, 0x00000000eab00000)
  object space 372736K, 99% used [0x00000000c0000000,0x00000000d6b84ec8,0x00000000d6c00000)
 Metaspace       used 57095K, committed 58368K, reserved 1114112K
  class space    used 5752K, committed 6272K, reserved 1048576K
}
Event: 13.413 GC heap after
{Heap after GC invocations=646 (full 2):
 PSYoungGen      total 2560K, used 593K [0x00000000eab00000, 0x00000000eae80000, 0x0000000100000000)
  eden space 1536K, 0% used [0x00000000eab00000,0x00000000eab00000,0x00000000eac80000)
  from space 1024K, 57% used [0x00000000ead80000,0x00000000eae14480,0x00000000eae80000)
  to   space 1024K, 0% used [0x00000000eac80000,0x00000000eac80000,0x00000000ead80000)
 ParOldGen       total 372736K, used 372622K [0x00000000c0000000, 0x00000000d6c00000, 0x00000000eab00000)
  object space 372736K, 99% used [0x00000000c0000000,0x00000000d6be3a08,0x00000000d6c00000)
 Metaspace       used 57095K, committed 58368K, reserved 1114112K
  class space    used 5752K, committed 6272K, reserved 1048576K
}
Event: 13.424 GC heap before
{Heap before GC invocations=647 (full 2):
 PSYoungGen      total 2560K, used 2129K [0x00000000eab00000, 0x00000000eae80000, 0x0000000100000000)
  eden space 1536K, 100% used [0x00000000eab00000,0x00000000eac80000,0x00000000eac80000)
  from space 1024K, 57% used [0x00000000ead80000,0x00000000eae14480,0x00000000eae80000)
  to   space 1024K, 0% used [0x00000000eac80000,0x00000000eac80000,0x00000000ead80000)
 ParOldGen       total 372736K, used 372622K [0x00000000c0000000, 0x00000000d6c00000, 0x00000000eab00000)
  object space 372736K, 99% used [0x00000000c0000000,0x00000000d6be3a08,0x00000000d6c00000)
 Metaspace       used 57126K, committed 58368K, reserved 1114112K
  class space    used 5753K, committed 6272K, reserved 1048576K
}
Event: 13.425 GC heap after
{Heap after GC invocations=647 (full 2):
 PSYoungGen      total 2560K, used 575K [0x00000000eab00000, 0x00000000eae80000, 0x0000000100000000)
  eden space 1536K, 0% used [0x00000000eab00000,0x00000000eab00000,0x00000000eac80000)
  from space 1024K, 56% used [0x00000000eac80000,0x00000000ead0fed8,0x00000000ead80000)
  to   space 1024K, 0% used [0x00000000ead80000,0x00000000ead80000,0x00000000eae80000)
 ParOldGen       total 373248K, used 373052K [0x00000000c0000000, 0x00000000d6c80000, 0x00000000eab00000)
  object space 373248K, 99% used [0x00000000c0000000,0x00000000d6c4f190,0x00000000d6c80000)
 Metaspace       used 57126K, committed 58368K, reserved 1114112K
  class space    used 5753K, committed 6272K, reserved 1048576K
}
Event: 13.436 GC heap before
{Heap before GC invocations=648 (full 2):
 PSYoungGen      total 2560K, used 2111K [0x00000000eab00000, 0x00000000eae80000, 0x0000000100000000)
  eden space 1536K, 100% used [0x00000000eab00000,0x00000000eac80000,0x00000000eac80000)
  from space 1024K, 56% used [0x00000000eac80000,0x00000000ead0fed8,0x00000000ead80000)
  to   space 1024K, 0% used [0x00000000ead80000,0x00000000ead80000,0x00000000eae80000)
 ParOldGen       total 373248K, used 373052K [0x00000000c0000000, 0x00000000d6c80000, 0x00000000eab00000)
  object space 373248K, 99% used [0x00000000c0000000,0x00000000d6c4f190,0x00000000d6c80000)
 Metaspace       used 57130K, committed 58368K, reserved 1114112K
  class space    used 5753K, committed 6272K, reserved 1048576K
}
Event: 13.439 GC heap after
{Heap after GC invocations=648 (full 2):
 PSYoungGen      total 2560K, used 681K [0x00000000eab00000, 0x00000000eae80000, 0x0000000100000000)
  eden space 1536K, 0% used [0x00000000eab00000,0x00000000eab00000,0x00000000eac80000)
  from space 1024K, 66% used [0x00000000ead80000,0x00000000eae2a520,0x00000000eae80000)
  to   space 1024K, 0% used [0x00000000eac80000,0x00000000eac80000,0x00000000ead80000)
 ParOldGen       total 373760K, used 373462K [0x00000000c0000000, 0x00000000d6d00000, 0x00000000eab00000)
  object space 373760K, 99% used [0x00000000c0000000,0x00000000d6cb5a70,0x00000000d6d00000)
 Metaspace       used 57130K, committed 58368K, reserved 1114112K
  class space    used 5753K, committed 6272K, reserved 1048576K
}
Event: 13.445 GC heap before
{Heap before GC invocations=649 (full 2):
 PSYoungGen      total 2560K, used 2217K [0x00000000eab00000, 0x00000000eae80000, 0x0000000100000000)
  eden space 1536K, 100% used [0x00000000eab00000,0x00000000eac80000,0x00000000eac80000)
  from space 1024K, 66% used [0x00000000ead80000,0x00000000eae2a520,0x00000000eae80000)
  to   space 1024K, 0% used [0x00000000eac80000,0x00000000eac80000,0x00000000ead80000)
 ParOldGen       total 373760K, used 373462K [0x00000000c0000000, 0x00000000d6d00000, 0x00000000eab00000)
  object space 373760K, 99% used [0x00000000c0000000,0x00000000d6cb5a70,0x00000000d6d00000)
 Metaspace       used 57134K, committed 58368K, reserved 1114112K
  class space    used 5753K, committed 6272K, reserved 1048576K
}
Event: 13.447 GC heap after
{Heap after GC invocations=649 (full 2):
 PSYoungGen      total 2560K, used 752K [0x00000000eab00000, 0x00000000eae80000, 0x0000000100000000)
  eden space 1536K, 0% used [0x00000000eab00000,0x00000000eab00000,0x00000000eac80000)
  from space 1024K, 73% used [0x00000000eac80000,0x00000000ead3c2c0,0x00000000ead80000)
  to   space 1024K, 0% used [0x00000000ead80000,0x00000000ead80000,0x00000000eae80000)
 ParOldGen       total 374272K, used 373880K [0x00000000c0000000, 0x00000000d6d80000, 0x00000000eab00000)
  object space 374272K, 99% used [0x00000000c0000000,0x00000000d6d1e0a0,0x00000000d6d80000)
 Metaspace       used 57134K, committed 58368K, reserved 1114112K
  class space    used 5753K, committed 6272K, reserved 1048576K
}

